<?xml version="1.0" encoding="UTF-8"?>
<testng-results ignored="0" total="1" passed="1" failed="0" skipped="0">
  <reporter-output>
  </reporter-output>
  <suite started-at="2021-06-19T11:40:48 IST" name="Default suite" finished-at="2021-06-19T11:41:59 IST" duration-ms="70960">
    <groups>
    </groups>
    <test started-at="2021-06-19T11:40:48 IST" name="Default test" finished-at="2021-06-19T11:41:59 IST" duration-ms="70960">
      <class name="com.cyient.test.TC3">
        <test-method is-config="true" signature="setup()[pri:0, instance:com.cyient.test.TC3@759d26fb]" started-at="2021-06-19T11:40:48 IST" name="setup" finished-at="2021-06-19T11:41:08 IST" duration-ms="19442" status="PASS">
          <reporter-output>
          </reporter-output>
        </test-method> <!-- setup -->
        <test-method signature="test()[pri:0, instance:com.cyient.test.TC3@759d26fb]" started-at="2021-06-19T11:41:08 IST" name="test" finished-at="2021-06-19T11:41:59 IST" duration-ms="51485" status="PASS">
          <reporter-output>
          </reporter-output>
        </test-method> <!-- test -->
      </class> <!-- com.cyient.test.TC3 -->
    </test> <!-- Default test -->
  </suite> <!-- Default suite -->
</testng-results>
